<beans xmlns="http://www.springframework.org/schema/beans"
  xmlns:xsi="http://www.w3.org/2001/XMLSchema-instance"
  xmlns:context="http://www.springframework.org/schema/context"
  xsi:schemaLocation="http://www.springframework.org/schema/beans http://www.springframework.org/schema/beans/spring-beans.xsd
		http://www.springframework.org/schema/context http://www.springframework.org/schema/context/spring-context.xsd">


		
	<beans profile="test">
		<bean class="pl.edu.icm.unity.engine.mock.MockConfig"/>
		<bean class="pl.edu.icm.unity.engine.mock.MockEndpointFactory"/>
		<bean class="pl.edu.icm.unity.engine.mock.MockPasswordRetrievalFactory"/>
		<bean class="pl.edu.icm.unity.engine.mock.MockPasswordVerificatorFactory"/>
		<bean class="pl.edu.icm.unity.engine.mock.MockNotificationFacility"/>
		
		<bean class="pl.edu.icm.unity.engine.tx.TestDeclarativeTransactions$CheckSessionWithInterface"/>
		<bean class="pl.edu.icm.unity.engine.tx.TestDeclarativeTransactions$CheckSessionWithoutInterface"/>
		<bean class="pl.edu.icm.unity.engine.tx.TestDeclarativeTransactions$CheckPropagationParent"/>
		<bean class="pl.edu.icm.unity.engine.tx.TestDeclarativeTransactions$CheckPropagationChild"/>
	</beans>
</beans>